0 info it worked if it ends with ok
1 verbose cli [ '/Users/student/.nvm/versions/node/v6.11.3/bin/node',
1 verbose cli   '/Users/student/.nvm/versions/node/v6.11.3/bin/npm',
1 verbose cli   'install',
1 verbose cli   '–g',
1 verbose cli   'npm-check-updates' ]
2 info using npm@3.10.10
3 info using node@v6.11.3
4 error arg Argument starts with non-ascii dash, this is probably invalid: [ '–g', 'npm-check-updates' ]
5 silly loadCurrentTree Starting
6 silly install loadCurrentTree
7 silly install readLocalPackageData
8 silly fetchPackageMetaData –g
9 silly fetchPackageMetaData npm-check-updates
10 silly fetchOtherPackageData –g
11 silly cache add args [ '–g', null ]
12 verbose cache add spec –g
13 silly fetchNamedPackageData npm-check-updates
14 silly mapToRegistry name npm-check-updates
15 silly mapToRegistry using default registry
16 silly mapToRegistry registry https://registry.npmjs.org/
17 silly mapToRegistry data Result {
17 silly mapToRegistry   raw: 'npm-check-updates',
17 silly mapToRegistry   scope: null,
17 silly mapToRegistry   escapedName: 'npm-check-updates',
17 silly mapToRegistry   name: 'npm-check-updates',
17 silly mapToRegistry   rawSpec: '',
17 silly mapToRegistry   spec: 'latest',
17 silly mapToRegistry   type: 'tag' }
18 silly mapToRegistry uri https://registry.npmjs.org/npm-check-updates
19 silly cache add parsed spec Result {
19 silly cache add   raw: '–g',
19 silly cache add   scope: null,
19 silly cache add   escapedName: null,
19 silly cache add   name: null,
19 silly cache add   rawSpec: '–g',
19 silly cache add   spec: '/Users/student/Desktop/react-movie-client/–g',
19 silly cache add   type: 'local' }
20 verbose request uri https://registry.npmjs.org/npm-check-updates
21 verbose request no auth needed
22 info attempt registry request try #1 at 8:15:14 AM
23 verbose request id ddfb3d9ffa6d2b81
24 http request GET https://registry.npmjs.org/npm-check-updates
25 error addLocal Could not install /Users/student/Desktop/react-movie-client/–g
26 silly fetchPackageMetaData Error: ENOENT: no such file or directory, open '/Users/student/Desktop/react-movie-client/–g'
26 silly fetchPackageMetaData     at Error (native)
26 silly fetchPackageMetaData  error for –g { Error: ENOENT: no such file or directory, open '/Users/student/Desktop/react-movie-client/–g'
26 silly fetchPackageMetaData     at Error (native)
26 silly fetchPackageMetaData   errno: -2,
26 silly fetchPackageMetaData   code: 'ENOENT',
26 silly fetchPackageMetaData   syscall: 'open',
26 silly fetchPackageMetaData   path: '/Users/student/Desktop/react-movie-client/–g' }
27 info retry will retry, error on last attempt: TypeError: The header content contains invalid characters
28 info attempt registry request try #2 at 8:15:24 AM
29 http request GET https://registry.npmjs.org/npm-check-updates
30 info retry will retry, error on last attempt: TypeError: The header content contains invalid characters
31 info attempt registry request try #3 at 8:16:24 AM
32 http request GET https://registry.npmjs.org/npm-check-updates
33 silly fetchPackageMetaData TypeError: The header content contains invalid characters
33 silly fetchPackageMetaData     at ClientRequest.OutgoingMessage.setHeader (_http_outgoing.js:359:11)
33 silly fetchPackageMetaData     at new ClientRequest (_http_client.js:85:14)
33 silly fetchPackageMetaData     at Object.exports.request (http.js:31:10)
33 silly fetchPackageMetaData     at Object.exports.request (https.js:202:15)
33 silly fetchPackageMetaData     at Request.start (/Users/student/.nvm/versions/node/v6.11.3/lib/node_modules/npm/node_modules/request/request.js:740:32)
33 silly fetchPackageMetaData     at Request.end (/Users/student/.nvm/versions/node/v6.11.3/lib/node_modules/npm/node_modules/request/request.js:1398:10)
33 silly fetchPackageMetaData     at end (/Users/student/.nvm/versions/node/v6.11.3/lib/node_modules/npm/node_modules/request/request.js:567:14)
33 silly fetchPackageMetaData     at Immediate.<anonymous> (/Users/student/.nvm/versions/node/v6.11.3/lib/node_modules/npm/node_modules/request/request.js:581:7)
33 silly fetchPackageMetaData     at runCallback (timers.js:672:20)
33 silly fetchPackageMetaData     at tryOnImmediate (timers.js:645:5)
33 silly fetchPackageMetaData  error for npm-check-updates TypeError: The header content contains invalid characters
33 silly fetchPackageMetaData     at ClientRequest.OutgoingMessage.setHeader (_http_outgoing.js:359:11)
33 silly fetchPackageMetaData     at new ClientRequest (_http_client.js:85:14)
33 silly fetchPackageMetaData     at Object.exports.request (http.js:31:10)
33 silly fetchPackageMetaData     at Object.exports.request (https.js:202:15)
33 silly fetchPackageMetaData     at Request.start (/Users/student/.nvm/versions/node/v6.11.3/lib/node_modules/npm/node_modules/request/request.js:740:32)
33 silly fetchPackageMetaData     at Request.end (/Users/student/.nvm/versions/node/v6.11.3/lib/node_modules/npm/node_modules/request/request.js:1398:10)
33 silly fetchPackageMetaData     at end (/Users/student/.nvm/versions/node/v6.11.3/lib/node_modules/npm/node_modules/request/request.js:567:14)
33 silly fetchPackageMetaData     at Immediate.<anonymous> (/Users/student/.nvm/versions/node/v6.11.3/lib/node_modules/npm/node_modules/request/request.js:581:7)
33 silly fetchPackageMetaData     at runCallback (timers.js:672:20)
33 silly fetchPackageMetaData     at tryOnImmediate (timers.js:645:5)
34 silly rollbackFailedOptional Starting
35 silly rollbackFailedOptional Finishing
36 silly runTopLevelLifecycles Finishing
37 silly install printInstalled
38 verbose stack Error: ENOENT: no such file or directory, open '/Users/student/Desktop/react-movie-client/–g'
38 verbose stack     at Error (native)
39 verbose cwd /Users/student/Desktop/react-movie-client
40 error Darwin 16.7.0
41 error argv "/Users/student/.nvm/versions/node/v6.11.3/bin/node" "/Users/student/.nvm/versions/node/v6.11.3/bin/npm" "install" "–g" "npm-check-updates"
42 error node v6.11.3
43 error npm  v3.10.10
44 error path /Users/student/Desktop/react-movie-client/–g
45 error code ENOENT
46 error errno -2
47 error syscall open
48 error enoent ENOENT: no such file or directory, open '/Users/student/Desktop/react-movie-client/–g'
49 error enoent ENOENT: no such file or directory, open '/Users/student/Desktop/react-movie-client/–g'
49 error enoent This is most likely not a problem with npm itself
49 error enoent and is related to npm not being able to find a file.
50 verbose exit [ -2, true ]
